<?xml version="1.0" encoding="UTF-8"?>
<robot generator="Robot 6.1.1 (Python 3.11.5 on win32)" generated="20231007 16:12:01.544" rpa="false" schemaversion="4">
<suite id="s1" name="Login" source="d:\Automation Python\login.robot">
<test id="s1-t1" name="Login with valid credential" line="6">
<kw name="Success login" library="steps">
<kw name="Open Browser" library="SeleniumLibrary">
<arg>${url}</arg>
<arg>Chrome</arg>
<doc>Opens a new browser instance to the optional ``url``.</doc>
<msg timestamp="20231007 16:12:02.392" level="INFO">Opening browser 'Chrome' to base url 'https://dineshvelhal.github.io/testautomation-playground/login.html'.</msg>
<status status="PASS" starttime="20231007 16:12:02.386" endtime="20231007 16:12:06.565"/>
</kw>
<kw name="Click Element" library="SeleniumLibrary">
<arg>${user}</arg>
<doc>Click the element identified by ``locator``.</doc>
<msg timestamp="20231007 16:12:06.587" level="INFO">Clicking element 'id:user'.</msg>
<status status="PASS" starttime="20231007 16:12:06.569" endtime="20231007 16:12:06.735"/>
</kw>
<kw name="Input Text" library="SeleniumLibrary">
<arg>${user}</arg>
<arg>admin</arg>
<doc>Types the given ``text`` into the text field identified by ``locator``.</doc>
<msg timestamp="20231007 16:12:06.745" level="INFO">Typing text 'admin' into text field 'id:user'.</msg>
<status status="PASS" starttime="20231007 16:12:06.736" endtime="20231007 16:12:06.892"/>
</kw>
<kw name="Click Element" library="SeleniumLibrary">
<arg>${password}</arg>
<doc>Click the element identified by ``locator``.</doc>
<msg timestamp="20231007 16:12:06.898" level="INFO">Clicking element 'id:password'.</msg>
<status status="PASS" starttime="20231007 16:12:06.894" endtime="20231007 16:12:07.030"/>
</kw>
<kw name="Input Text" library="SeleniumLibrary">
<arg>${password}</arg>
<arg>admin</arg>
<doc>Types the given ``text`` into the text field identified by ``locator``.</doc>
<msg timestamp="20231007 16:12:07.033" level="INFO">Typing text 'admin' into text field 'id:password'.</msg>
<status status="PASS" starttime="20231007 16:12:07.031" endtime="20231007 16:12:07.201"/>
</kw>
<kw name="Click Button" library="SeleniumLibrary">
<arg>${btn_login}</arg>
<doc>Clicks the button identified by ``locator``.</doc>
<msg timestamp="20231007 16:12:07.211" level="INFO">Clicking button 'id:login'.</msg>
<status status="PASS" starttime="20231007 16:12:07.203" endtime="20231007 16:12:08.464"/>
</kw>
<status status="PASS" starttime="20231007 16:12:02.384" endtime="20231007 16:12:08.468"/>
</kw>
<kw name="Close Browser" library="SeleniumLibrary">
<doc>Closes the current browser.</doc>
<status status="PASS" starttime="20231007 16:12:08.475" endtime="20231007 16:12:10.855"/>
</kw>
<status status="PASS" starttime="20231007 16:12:02.380" endtime="20231007 16:12:10.861"/>
</test>
<test id="s1-t2" name="Login with invalid credential" line="9">
<kw name="Not Success login" library="steps">
<kw name="Open Browser" library="SeleniumLibrary">
<arg>${url}</arg>
<arg>Chrome</arg>
<doc>Opens a new browser instance to the optional ``url``.</doc>
<msg timestamp="20231007 16:12:10.872" level="INFO">Opening browser 'Chrome' to base url 'https://dineshvelhal.github.io/testautomation-playground/login.html'.</msg>
<status status="PASS" starttime="20231007 16:12:10.869" endtime="20231007 16:12:15.034"/>
</kw>
<kw name="Click Element" library="SeleniumLibrary">
<arg>${user}</arg>
<doc>Click the element identified by ``locator``.</doc>
<msg timestamp="20231007 16:12:15.045" level="INFO">Clicking element 'id:user'.</msg>
<status status="PASS" starttime="20231007 16:12:15.038" endtime="20231007 16:12:15.193"/>
</kw>
<kw name="Input Text" library="SeleniumLibrary">
<arg>${user}</arg>
<arg>admin</arg>
<doc>Types the given ``text`` into the text field identified by ``locator``.</doc>
<msg timestamp="20231007 16:12:15.203" level="INFO">Typing text 'admin' into text field 'id:user'.</msg>
<status status="PASS" starttime="20231007 16:12:15.198" endtime="20231007 16:12:15.409"/>
</kw>
<kw name="Click Element" library="SeleniumLibrary">
<arg>${password}</arg>
<doc>Click the element identified by ``locator``.</doc>
<msg timestamp="20231007 16:12:15.415" level="INFO">Clicking element 'id:password'.</msg>
<status status="PASS" starttime="20231007 16:12:15.412" endtime="20231007 16:12:15.550"/>
</kw>
<kw name="Input Text" library="SeleniumLibrary">
<arg>${password}</arg>
<arg>admin123</arg>
<doc>Types the given ``text`` into the text field identified by ``locator``.</doc>
<msg timestamp="20231007 16:12:15.556" level="INFO">Typing text 'admin123' into text field 'id:password'.</msg>
<status status="PASS" starttime="20231007 16:12:15.551" endtime="20231007 16:12:15.746"/>
</kw>
<kw name="Click Button" library="SeleniumLibrary">
<arg>${btn_login}</arg>
<doc>Clicks the button identified by ``locator``.</doc>
<msg timestamp="20231007 16:12:15.753" level="INFO">Clicking button 'id:login'.</msg>
<status status="PASS" starttime="20231007 16:12:15.747" endtime="20231007 16:12:16.012"/>
</kw>
<kw name="Sleep" library="BuiltIn">
<arg>1</arg>
<doc>Pauses the test executed for the given time.</doc>
<msg timestamp="20231007 16:12:17.016" level="INFO">Slept 1 second</msg>
<status status="PASS" starttime="20231007 16:12:16.013" endtime="20231007 16:12:17.020"/>
</kw>
<kw name="Wait Until Element Contains" library="SeleniumLibrary">
<arg>id:message</arg>
<arg>Incorrect username or password. Try again!!</arg>
<doc>Waits until the element ``locator`` contains ``text``.</doc>
<status status="PASS" starttime="20231007 16:12:17.026" endtime="20231007 16:12:17.100"/>
</kw>
<kw name="Log" library="BuiltIn">
<arg>Incorrect username or password. Try again!!</arg>
<doc>Logs the given message with the given level.</doc>
<msg timestamp="20231007 16:12:17.104" level="INFO">Incorrect username or password. Try again!!</msg>
<status status="PASS" starttime="20231007 16:12:17.102" endtime="20231007 16:12:17.105"/>
</kw>
<kw name="Close Browser" library="SeleniumLibrary">
<doc>Closes the current browser.</doc>
<status status="PASS" starttime="20231007 16:12:17.107" endtime="20231007 16:12:19.430"/>
</kw>
<status status="PASS" starttime="20231007 16:12:10.868" endtime="20231007 16:12:19.431"/>
</kw>
<status status="PASS" starttime="20231007 16:12:10.865" endtime="20231007 16:12:19.434"/>
</test>
<status status="PASS" starttime="20231007 16:12:01.558" endtime="20231007 16:12:19.442"/>
</suite>
<statistics>
<total>
<stat pass="2" fail="0" skip="0">All Tests</stat>
</total>
<tag>
</tag>
<suite>
<stat pass="2" fail="0" skip="0" id="s1" name="Login">Login</stat>
</suite>
</statistics>
<errors>
</errors>
</robot>
